{"C:\\Users\\Randell Naidoo\\source\\repos\\Vending_Machine\\Vending-Machine\\vm_react_ui\\src\\App.js": {"path":"C:\\Users\\Randell Naidoo\\source\\repos\\Vending_Machine\\Vending-Machine\\vm_react_ui\\src\\App.js","statementMap":{"0":{"start":{"line":8,"column":2},"end":{"line":14,"column":1}}},"fnMap":{"0":{"name":"App","decl":{"start":{"line":7,"column":9},"end":{"line":7,"column":12}},"loc":{"start":{"line":7,"column":15},"end":{"line":15,"column":1}},"line":7}},"branchMap":{},"s":{"0":0},"f":{"0":0},"b":{}}
,"C:\\Users\\Randell Naidoo\\source\\repos\\Vending_Machine\\Vending-Machine\\vm_react_ui\\src\\index.js": {"path":"C:\\Users\\Randell Naidoo\\source\\repos\\Vending_Machine\\Vending-Machine\\vm_react_ui\\src\\index.js","statementMap":{"0":{"start":{"line":8,"column":0},"end":{"line":13,"column":2}},"1":{"start":{"line":18,"column":0},"end":{"line":18,"column":18}}},"fnMap":{},"branchMap":{},"s":{"0":0,"1":0},"f":{},"b":{}}
,"C:\\Users\\Randell Naidoo\\source\\repos\\Vending_Machine\\Vending-Machine\\vm_react_ui\\src\\reportWebVitals.js": {"path":"C:\\Users\\Randell Naidoo\\source\\repos\\Vending_Machine\\Vending-Machine\\vm_react_ui\\src\\reportWebVitals.js","statementMap":{"0":{"start":{"line":1,"column":24},"end":{"line":11,"column":1}},"1":{"start":{"line":2,"column":2},"end":{"line":10,"column":3}},"2":{"start":{"line":3,"column":4},"end":{"line":9,"column":7}},"3":{"start":{"line":4,"column":6},"end":{"line":4,"column":26}},"4":{"start":{"line":5,"column":6},"end":{"line":5,"column":26}},"5":{"start":{"line":6,"column":6},"end":{"line":6,"column":26}},"6":{"start":{"line":7,"column":6},"end":{"line":7,"column":26}},"7":{"start":{"line":8,"column":6},"end":{"line":8,"column":27}}},"fnMap":{"0":{"name":"(anonymous_0)","decl":{"start":{"line":1,"column":24},"end":{"line":1,"column":25}},"loc":{"start":{"line":1,"column":39},"end":{"line":11,"column":1}},"line":1},"1":{"name":"(anonymous_1)","decl":{"start":{"line":3,"column":30},"end":{"line":3,"column":31}},"loc":{"start":{"line":3,"column":79},"end":{"line":9,"column":5}},"line":3}},"branchMap":{"0":{"loc":{"start":{"line":2,"column":2},"end":{"line":10,"column":3}},"type":"if","locations":[{"start":{"line":2,"column":2},"end":{"line":10,"column":3}},{"start":{"line":2,"column":2},"end":{"line":10,"column":3}}],"line":2},"1":{"loc":{"start":{"line":2,"column":6},"end":{"line":2,"column":52}},"type":"binary-expr","locations":[{"start":{"line":2,"column":6},"end":{"line":2,"column":17}},{"start":{"line":2,"column":21},"end":{"line":2,"column":52}}],"line":2}},"s":{"0":0,"1":0,"2":0,"3":0,"4":0,"5":0,"6":0,"7":0},"f":{"0":0,"1":0},"b":{"0":[0,0],"1":[0,0]}}
,"C:\\Users\\Randell Naidoo\\source\\repos\\Vending_Machine\\Vending-Machine\\vm_react_ui\\src\\Pages\\Home\\HomeContainer.js": {"path":"C:\\Users\\Randell Naidoo\\source\\repos\\Vending_Machine\\Vending-Machine\\vm_react_ui\\src\\Pages\\Home\\HomeContainer.js","statementMap":{"0":{"start":{"line":10,"column":25},"end":{"line":21,"column":1}},"1":{"start":{"line":11,"column":4},"end":{"line":11,"column":66}},"2":{"start":{"line":12,"column":4},"end":{"line":20,"column":11}},"3":{"start":{"line":13,"column":21},"end":{"line":13,"column":31}},"4":{"start":{"line":15,"column":12},"end":{"line":16,"column":45}},"5":{"start":{"line":15,"column":35},"end":{"line":15,"column":99}},"6":{"start":{"line":16,"column":16},"end":{"line":16,"column":38}},"7":{"start":{"line":19,"column":12},"end":{"line":19,"column":57}},"8":{"start":{"line":25,"column":24},"end":{"line":38,"column":1}},"9":{"start":{"line":26,"column":4},"end":{"line":26,"column":46}},"10":{"start":{"line":27,"column":25},"end":{"line":35,"column":5}},"11":{"start":{"line":28,"column":8},"end":{"line":34,"column":18}},"12":{"start":{"line":37,"column":4},"end":{"line":37,"column":27}},"13":{"start":{"line":41,"column":22},"end":{"line":90,"column":1}},"14":{"start":{"line":42,"column":36},"end":{"line":42,"column":48}},"15":{"start":{"line":43,"column":30},"end":{"line":43,"column":42}},"16":{"start":{"line":44,"column":50},"end":{"line":44,"column":65}},"17":{"start":{"line":45,"column":44},"end":{"line":45,"column":59}},"18":{"start":{"line":46,"column":54},"end":{"line":46,"column":69}},"19":{"start":{"line":47,"column":48},"end":{"line":47,"column":63}},"20":{"start":{"line":48,"column":40},"end":{"line":48,"column":55}},"21":{"start":{"line":49,"column":44},"end":{"line":49,"column":55}},"22":{"start":{"line":51,"column":21},"end":{"line":55,"column":5}},"23":{"start":{"line":52,"column":8},"end":{"line":52,"column":95}},"24":{"start":{"line":53,"column":8},"end":{"line":53,"column":107}},"25":{"start":{"line":54,"column":8},"end":{"line":54,"column":26}},"26":{"start":{"line":57,"column":4},"end":{"line":59,"column":11}},"27":{"start":{"line":58,"column":8},"end":{"line":58,"column":19}},"28":{"start":{"line":62,"column":4},"end":{"line":89,"column":6}},"29":{"start":{"line":67,"column":20},"end":{"line":67,"column":108}},"30":{"start":{"line":70,"column":20},"end":{"line":70,"column":120}},"31":{"start":{"line":73,"column":20},"end":{"line":73,"column":88}}},"fnMap":{"0":{"name":"(anonymous_0)","decl":{"start":{"line":10,"column":25},"end":{"line":10,"column":26}},"loc":{"start":{"line":10,"column":88},"end":{"line":21,"column":1}},"line":10},"1":{"name":"(anonymous_1)","decl":{"start":{"line":13,"column":14},"end":{"line":13,"column":15}},"loc":{"start":{"line":13,"column":21},"end":{"line":13,"column":31}},"line":13},"2":{"name":"(anonymous_2)","decl":{"start":{"line":14,"column":14},"end":{"line":14,"column":15}},"loc":{"start":{"line":14,"column":26},"end":{"line":17,"column":9}},"line":14},"3":{"name":"(anonymous_3)","decl":{"start":{"line":15,"column":23},"end":{"line":15,"column":24}},"loc":{"start":{"line":15,"column":34},"end":{"line":16,"column":39}},"line":15},"4":{"name":"(anonymous_4)","decl":{"start":{"line":18,"column":15},"end":{"line":18,"column":16}},"loc":{"start":{"line":18,"column":22},"end":{"line":20,"column":9}},"line":18},"5":{"name":"(anonymous_5)","decl":{"start":{"line":25,"column":24},"end":{"line":25,"column":25}},"loc":{"start":{"line":25,"column":87},"end":{"line":38,"column":1}},"line":25},"6":{"name":"(anonymous_6)","decl":{"start":{"line":27,"column":35},"end":{"line":27,"column":36}},"loc":{"start":{"line":28,"column":8},"end":{"line":34,"column":18}},"line":28},"7":{"name":"(anonymous_7)","decl":{"start":{"line":41,"column":22},"end":{"line":41,"column":23}},"loc":{"start":{"line":41,"column":28},"end":{"line":90,"column":1}},"line":41},"8":{"name":"(anonymous_8)","decl":{"start":{"line":51,"column":21},"end":{"line":51,"column":22}},"loc":{"start":{"line":51,"column":27},"end":{"line":55,"column":5}},"line":51},"9":{"name":"(anonymous_9)","decl":{"start":{"line":57,"column":14},"end":{"line":57,"column":15}},"loc":{"start":{"line":57,"column":20},"end":{"line":59,"column":5}},"line":57},"10":{"name":"(anonymous_10)","decl":{"start":{"line":66,"column":28},"end":{"line":66,"column":29}},"loc":{"start":{"line":66,"column":34},"end":{"line":68,"column":17}},"line":66},"11":{"name":"(anonymous_11)","decl":{"start":{"line":69,"column":31},"end":{"line":69,"column":32}},"loc":{"start":{"line":69,"column":37},"end":{"line":71,"column":17}},"line":69},"12":{"name":"(anonymous_12)","decl":{"start":{"line":72,"column":26},"end":{"line":72,"column":27}},"loc":{"start":{"line":72,"column":39},"end":{"line":74,"column":17}},"line":72}},"branchMap":{"0":{"loc":{"start":{"line":11,"column":4},"end":{"line":11,"column":65}},"type":"cond-expr","locations":[{"start":{"line":11,"column":20},"end":{"line":11,"column":42}},{"start":{"line":11,"column":45},"end":{"line":11,"column":65}}],"line":11},"1":{"loc":{"start":{"line":15,"column":35},"end":{"line":15,"column":98}},"type":"cond-expr","locations":[{"start":{"line":15,"column":51},"end":{"line":15,"column":74}},{"start":{"line":15,"column":77},"end":{"line":15,"column":98}}],"line":15},"2":{"loc":{"start":{"line":28,"column":8},"end":{"line":34,"column":18}},"type":"cond-expr","locations":[{"start":{"line":29,"column":14},"end":{"line":33,"column":13}},{"start":{"line":34,"column":14},"end":{"line":34,"column":18}}],"line":28}},"s":{"0":1,"1":3,"2":3,"3":1,"4":1,"5":0,"6":0,"7":0,"8":1,"9":1,"10":1,"11":2,"12":1,"13":1,"14":1,"15":1,"16":1,"17":1,"18":1,"19":1,"20":1,"21":1,"22":1,"23":0,"24":0,"25":0,"26":1,"27":0,"28":1,"29":0,"30":0,"31":0},"f":{"0":3,"1":1,"2":1,"3":0,"4":0,"5":1,"6":2,"7":1,"8":0,"9":0,"10":0,"11":0,"12":0},"b":{"0":[2,1],"1":[0,0],"2":[1,1]},"_coverageSchema":"1a1c01bbd47fc00a2c39e90264f33305004495a9","hash":"be79ea17f498fbfdeb82a4118dc9000e4d5817d9"}
,"C:\\Users\\Randell Naidoo\\source\\repos\\Vending_Machine\\Vending-Machine\\vm_react_ui\\src\\Pages\\Home\\HomeView.js": {"path":"C:\\Users\\Randell Naidoo\\source\\repos\\Vending_Machine\\Vending-Machine\\vm_react_ui\\src\\Pages\\Home\\HomeView.js","statementMap":{"0":{"start":{"line":6,"column":17},"end":{"line":97,"column":1}},"1":{"start":{"line":12,"column":62},"end":{"line":12,"column":71}},"2":{"start":{"line":24,"column":8},"end":{"line":24,"column":13}},"3":{"start":{"line":26,"column":4},"end":{"line":96,"column":6}},"4":{"start":{"line":52,"column":20},"end":{"line":57,"column":25}},"5":{"start":{"line":53,"column":92},"end":{"line":53,"column":112}},"6":{"start":{"line":74,"column":20},"end":{"line":74,"column":33}},"7":{"start":{"line":75,"column":20},"end":{"line":75,"column":38}},"8":{"start":{"line":85,"column":20},"end":{"line":85,"column":39}},"9":{"start":{"line":86,"column":20},"end":{"line":86,"column":32}}},"fnMap":{"0":{"name":"(anonymous_0)","decl":{"start":{"line":6,"column":17},"end":{"line":6,"column":18}},"loc":{"start":{"line":6,"column":43},"end":{"line":97,"column":1}},"line":6},"1":{"name":"(anonymous_1)","decl":{"start":{"line":51,"column":26},"end":{"line":51,"column":27}},"loc":{"start":{"line":52,"column":20},"end":{"line":57,"column":25}},"line":52},"2":{"name":"(anonymous_2)","decl":{"start":{"line":53,"column":86},"end":{"line":53,"column":87}},"loc":{"start":{"line":53,"column":92},"end":{"line":53,"column":112}},"line":53},"3":{"name":"(anonymous_3)","decl":{"start":{"line":73,"column":102},"end":{"line":73,"column":103}},"loc":{"start":{"line":73,"column":108},"end":{"line":76,"column":17}},"line":73},"4":{"name":"(anonymous_4)","decl":{"start":{"line":84,"column":96},"end":{"line":84,"column":97}},"loc":{"start":{"line":84,"column":102},"end":{"line":86,"column":33}},"line":84}},"branchMap":{"0":{"loc":{"start":{"line":26,"column":11},"end":{"line":96,"column":5}},"type":"cond-expr","locations":[{"start":{"line":27,"column":8},"end":{"line":91,"column":20}},{"start":{"line":93,"column":8},"end":{"line":95,"column":14}}],"line":26},"1":{"loc":{"start":{"line":26,"column":11},"end":{"line":26,"column":63}},"type":"binary-expr","locations":[{"start":{"line":26,"column":11},"end":{"line":26,"column":22}},{"start":{"line":26,"column":26},"end":{"line":26,"column":44}},{"start":{"line":26,"column":48},"end":{"line":26,"column":63}}],"line":26},"2":{"loc":{"start":{"line":50,"column":13},"end":{"line":63,"column":13}},"type":"cond-expr","locations":[{"start":{"line":51,"column":16},"end":{"line":58,"column":18}},{"start":{"line":60,"column":16},"end":{"line":62,"column":22}}],"line":50}},"s":{"0":2,"1":3,"2":3,"3":3,"4":4,"5":0,"6":1,"7":1,"8":1,"9":1},"f":{"0":3,"1":4,"2":0,"3":1,"4":1},"b":{"0":[2,1],"1":[3,2,2],"2":[2,0]},"_coverageSchema":"1a1c01bbd47fc00a2c39e90264f33305004495a9","hash":"07cefc259a534a725f1893fc6657315e61679d44"}
,"C:\\Users\\Randell Naidoo\\source\\repos\\Vending_Machine\\Vending-Machine\\vm_react_ui\\src\\components\\AppFooter.js": {"path":"C:\\Users\\Randell Naidoo\\source\\repos\\Vending_Machine\\Vending-Machine\\vm_react_ui\\src\\components\\AppFooter.js","statementMap":{"0":{"start":{"line":3,"column":18},"end":{"line":12,"column":1}},"1":{"start":{"line":4,"column":2},"end":{"line":11,"column":4}}},"fnMap":{"0":{"name":"(anonymous_0)","decl":{"start":{"line":3,"column":18},"end":{"line":3,"column":19}},"loc":{"start":{"line":3,"column":24},"end":{"line":12,"column":1}},"line":3}},"branchMap":{},"s":{"0":1,"1":1},"f":{"0":1},"b":{},"_coverageSchema":"1a1c01bbd47fc00a2c39e90264f33305004495a9","hash":"00e941bc4892435f12e3a40e813363d1b5b93d83"}
,"C:\\Users\\Randell Naidoo\\source\\repos\\Vending_Machine\\Vending-Machine\\vm_react_ui\\src\\components\\AppHeader.js": {"path":"C:\\Users\\Randell Naidoo\\source\\repos\\Vending_Machine\\Vending-Machine\\vm_react_ui\\src\\components\\AppHeader.js","statementMap":{"0":{"start":{"line":5,"column":18},"end":{"line":19,"column":1}},"1":{"start":{"line":6,"column":2},"end":{"line":18,"column":4}}},"fnMap":{"0":{"name":"(anonymous_0)","decl":{"start":{"line":5,"column":18},"end":{"line":5,"column":19}},"loc":{"start":{"line":5,"column":24},"end":{"line":19,"column":1}},"line":5}},"branchMap":{},"s":{"0":1,"1":1},"f":{"0":1},"b":{},"_coverageSchema":"1a1c01bbd47fc00a2c39e90264f33305004495a9","hash":"163458f58de0f50a0424925f25d09d4c70e2adb0"}
,"C:\\Users\\Randell Naidoo\\source\\repos\\Vending_Machine\\Vending-Machine\\vm_react_ui\\src\\components\\DataTable\\DataTableView.js": {"path":"C:\\Users\\Randell Naidoo\\source\\repos\\Vending_Machine\\Vending-Machine\\vm_react_ui\\src\\components\\DataTable\\DataTableView.js","statementMap":{"0":{"start":{"line":7,"column":24},"end":{"line":37,"column":1}},"1":{"start":{"line":8,"column":4},"end":{"line":36,"column":5}},"2":{"start":{"line":9,"column":8},"end":{"line":9,"column":41}},"3":{"start":{"line":10,"column":11},"end":{"line":36,"column":5}},"4":{"start":{"line":11,"column":8},"end":{"line":11,"column":79}},"5":{"start":{"line":13,"column":8},"end":{"line":13,"column":28}},"6":{"start":{"line":14,"column":8},"end":{"line":35,"column":15}},"7":{"start":{"line":20,"column":25},"end":{"line":20,"column":35}},"8":{"start":{"line":22,"column":16},"end":{"line":22,"column":37}},"9":{"start":{"line":23,"column":16},"end":{"line":31,"column":17}},"10":{"start":{"line":24,"column":20},"end":{"line":24,"column":114}},"11":{"start":{"line":25,"column":20},"end":{"line":25,"column":39}},"12":{"start":{"line":26,"column":20},"end":{"line":26,"column":36}},"13":{"start":{"line":27,"column":20},"end":{"line":27,"column":33}},"14":{"start":{"line":29,"column":20},"end":{"line":29,"column":58}},"15":{"start":{"line":30,"column":20},"end":{"line":30,"column":54}},"16":{"start":{"line":34,"column":16},"end":{"line":34,"column":33}},"17":{"start":{"line":39,"column":18},"end":{"line":99,"column":1}},"18":{"start":{"line":48,"column":18},"end":{"line":48,"column":32}},"19":{"start":{"line":49,"column":4},"end":{"line":98,"column":6}},"20":{"start":{"line":70,"column":24},"end":{"line":88,"column":29}},"21":{"start":{"line":81,"column":44},"end":{"line":81,"column":131}}},"fnMap":{"0":{"name":"(anonymous_0)","decl":{"start":{"line":7,"column":24},"end":{"line":7,"column":25}},"loc":{"start":{"line":7,"column":110},"end":{"line":37,"column":1}},"line":7},"1":{"name":"(anonymous_1)","decl":{"start":{"line":20,"column":18},"end":{"line":20,"column":19}},"loc":{"start":{"line":20,"column":25},"end":{"line":20,"column":35}},"line":20},"2":{"name":"(anonymous_2)","decl":{"start":{"line":21,"column":18},"end":{"line":21,"column":19}},"loc":{"start":{"line":21,"column":30},"end":{"line":32,"column":13}},"line":21},"3":{"name":"(anonymous_3)","decl":{"start":{"line":33,"column":19},"end":{"line":33,"column":20}},"loc":{"start":{"line":33,"column":26},"end":{"line":35,"column":13}},"line":33},"4":{"name":"(anonymous_4)","decl":{"start":{"line":39,"column":18},"end":{"line":39,"column":19}},"loc":{"start":{"line":47,"column":25},"end":{"line":99,"column":1}},"line":47},"5":{"name":"(anonymous_5)","decl":{"start":{"line":69,"column":30},"end":{"line":69,"column":31}},"loc":{"start":{"line":70,"column":24},"end":{"line":88,"column":29}},"line":70},"6":{"name":"(anonymous_6)","decl":{"start":{"line":80,"column":49},"end":{"line":80,"column":50}},"loc":{"start":{"line":81,"column":44},"end":{"line":81,"column":131}},"line":81}},"branchMap":{"0":{"loc":{"start":{"line":8,"column":4},"end":{"line":36,"column":5}},"type":"if","locations":[{"start":{"line":8,"column":4},"end":{"line":36,"column":5}},{"start":{"line":8,"column":4},"end":{"line":36,"column":5}}],"line":8},"1":{"loc":{"start":{"line":10,"column":11},"end":{"line":36,"column":5}},"type":"if","locations":[{"start":{"line":10,"column":11},"end":{"line":36,"column":5}},{"start":{"line":10,"column":11},"end":{"line":36,"column":5}}],"line":10},"2":{"loc":{"start":{"line":23,"column":16},"end":{"line":31,"column":17}},"type":"if","locations":[{"start":{"line":23,"column":16},"end":{"line":31,"column":17}},{"start":{"line":23,"column":16},"end":{"line":31,"column":17}}],"line":23},"3":{"loc":{"start":{"line":48,"column":18},"end":{"line":48,"column":32}},"type":"binary-expr","locations":[{"start":{"line":48,"column":18},"end":{"line":48,"column":26}},{"start":{"line":48,"column":30},"end":{"line":48,"column":32}}],"line":48},"4":{"loc":{"start":{"line":61,"column":13},"end":{"line":95,"column":13}},"type":"cond-expr","locations":[{"start":{"line":62,"column":16},"end":{"line":90,"column":17}},{"start":{"line":92,"column":16},"end":{"line":94,"column":22}}],"line":61},"5":{"loc":{"start":{"line":62,"column":16},"end":{"line":90,"column":17}},"type":"cond-expr","locations":[{"start":{"line":63,"column":20},"end":{"line":67,"column":25}},{"start":{"line":69,"column":20},"end":{"line":89,"column":22}}],"line":62},"6":{"loc":{"start":{"line":62,"column":16},"end":{"line":62,"column":43}},"type":"binary-expr","locations":[{"start":{"line":62,"column":16},"end":{"line":62,"column":22}},{"start":{"line":62,"column":26},"end":{"line":62,"column":43}}],"line":62}},"s":{"0":3,"1":1,"2":0,"3":1,"4":0,"5":1,"6":1,"7":1,"8":1,"9":1,"10":1,"11":1,"12":1,"13":1,"14":0,"15":0,"16":0,"17":3,"18":1,"19":1,"20":10,"21":0},"f":{"0":1,"1":1,"2":1,"3":0,"4":1,"5":10,"6":0},"b":{"0":[0,1],"1":[0,1],"2":[1,0],"3":[1,0],"4":[1,0],"5":[0,1],"6":[1,1]},"_coverageSchema":"1a1c01bbd47fc00a2c39e90264f33305004495a9","hash":"4427b96318dd2b1b0880ed83e0493720b54f5dcf"}
,"C:\\Users\\Randell Naidoo\\source\\repos\\Vending_Machine\\Vending-Machine\\vm_react_ui\\src\\constants\\index.js": {"path":"C:\\Users\\Randell Naidoo\\source\\repos\\Vending_Machine\\Vending-Machine\\vm_react_ui\\src\\constants\\index.js","statementMap":{"0":{"start":{"line":1,"column":28},"end":{"line":1,"column":56}}},"fnMap":{},"branchMap":{},"s":{"0":3},"f":{},"b":{},"_coverageSchema":"1a1c01bbd47fc00a2c39e90264f33305004495a9","hash":"35a5fd54618dd186cc0d13eab54eaefcab5699a2"}
}
